
*** Running vivado
    with args -log dsp48_multiplier_2.vds -m64 -product Vivado -mode batch -messageDb vivado.pb -notrace -source dsp48_multiplier_2.tcl


****** Vivado v2018.3 (64-bit)
  **** SW Build 2405991 on Thu Dec  6 23:38:27 MST 2018
  **** IP Build 2404404 on Fri Dec  7 01:43:56 MST 2018
    ** Copyright 1986-2018 Xilinx, Inc. All Rights Reserved.

source dsp48_multiplier_2.tcl -notrace
INFO: [IP_Flow 19-234] Refreshing IP repositories
INFO: [IP_Flow 19-1700] Loaded user IP repository 'e:/XILINX/Projects/ML_linear_regression/linear_regression_new/linear_regression/linear_regression.ip_user_files/IP_data_proc'.
INFO: [IP_Flow 19-1700] Loaded user IP repository 'e:/XILINX/Projects/ML_linear_regression/linear_regression_new/linear_regression/linear_regression.ip_user_files/IP_datapath'.
INFO: [IP_Flow 19-1700] Loaded user IP repository 'e:/XILINX/Projects/ML_linear_regression/linear_regression_new/linear_regression/linear_regression.ip_user_files/IP_iteration_ctrl'.
INFO: [IP_Flow 19-2313] Loaded Vivado IP repository 'E:/vivado/vivado/Vivado/2018.3/data/ip'.
WARNING: [IP_Flow 19-4995] The host OS only allows 260 characters in a normal path. The IP cache path is more than 80 characters. If you experience issues with IP caching, please consider changing the IP cache to a location with a shorter path. Alternately consider using the OS subst command to map part of the path to a drive letter. 
Current IP cache path is e:/XILINX/Projects/ML_linear_regression/linear_regression_new/linear_regression/linear_regression.cache/ip 
Command: synth_design -top dsp48_multiplier_2 -part xc7vx415tffg1157-1 -mode out_of_context
Starting synth_design
Attempting to get a license for feature 'Synthesis' and/or device 'xc7vx415t'
INFO: [Common 17-349] Got license for feature 'Synthesis' and/or device 'xc7vx415t'
INFO: Launching helper process for spawning children vivado processes
INFO: Helper process launched with PID 10372 
---------------------------------------------------------------------------------
Starting RTL Elaboration : Time (s): cpu = 00:00:03 ; elapsed = 00:00:04 . Memory (MB): peak = 468.426 ; gain = 98.766
---------------------------------------------------------------------------------
INFO: [Synth 8-638] synthesizing module 'dsp48_multiplier_2' [e:/XILINX/Projects/ML_linear_regression/linear_regression_new/linear_regression/linear_regression.srcs/sources_1/ip/dsp48_multiplier_2/synth/dsp48_multiplier_2.vhd:68]
	Parameter C_VERBOSITY bound to: 0 - type: integer 
	Parameter C_MODEL_TYPE bound to: 0 - type: integer 
	Parameter C_XDEVICEFAMILY bound to: virtex7 - type: string 
	Parameter C_HAS_CE bound to: 0 - type: integer 
	Parameter C_HAS_INDEP_CE bound to: 0 - type: integer 
	Parameter C_HAS_CED bound to: 0 - type: integer 
	Parameter C_HAS_CEA bound to: 0 - type: integer 
	Parameter C_HAS_CEB bound to: 0 - type: integer 
	Parameter C_HAS_CEC bound to: 0 - type: integer 
	Parameter C_HAS_CECONCAT bound to: 0 - type: integer 
	Parameter C_HAS_CEM bound to: 0 - type: integer 
	Parameter C_HAS_CEP bound to: 0 - type: integer 
	Parameter C_HAS_CESEL bound to: 0 - type: integer 
	Parameter C_HAS_SCLR bound to: 0 - type: integer 
	Parameter C_HAS_INDEP_SCLR bound to: 0 - type: integer 
	Parameter C_HAS_SCLRD bound to: 0 - type: integer 
	Parameter C_HAS_SCLRA bound to: 0 - type: integer 
	Parameter C_HAS_SCLRB bound to: 0 - type: integer 
	Parameter C_HAS_SCLRC bound to: 0 - type: integer 
	Parameter C_HAS_SCLRM bound to: 0 - type: integer 
	Parameter C_HAS_SCLRP bound to: 0 - type: integer 
	Parameter C_HAS_SCLRCONCAT bound to: 0 - type: integer 
	Parameter C_HAS_SCLRSEL bound to: 0 - type: integer 
	Parameter C_HAS_CARRYCASCIN bound to: 0 - type: integer 
	Parameter C_HAS_CARRYIN bound to: 0 - type: integer 
	Parameter C_HAS_ACIN bound to: 0 - type: integer 
	Parameter C_HAS_BCIN bound to: 0 - type: integer 
	Parameter C_HAS_PCIN bound to: 0 - type: integer 
	Parameter C_HAS_A bound to: 1 - type: integer 
	Parameter C_HAS_B bound to: 1 - type: integer 
	Parameter C_HAS_D bound to: 0 - type: integer 
	Parameter C_HAS_CONCAT bound to: 0 - type: integer 
	Parameter C_HAS_C bound to: 0 - type: integer 
	Parameter C_A_WIDTH bound to: 16 - type: integer 
	Parameter C_B_WIDTH bound to: 4 - type: integer 
	Parameter C_C_WIDTH bound to: 48 - type: integer 
	Parameter C_D_WIDTH bound to: 18 - type: integer 
	Parameter C_CONCAT_WIDTH bound to: 48 - type: integer 
	Parameter C_P_MSB bound to: 19 - type: integer 
	Parameter C_P_LSB bound to: 0 - type: integer 
	Parameter C_SEL_WIDTH bound to: 0 - type: integer 
	Parameter C_HAS_ACOUT bound to: 0 - type: integer 
	Parameter C_HAS_BCOUT bound to: 0 - type: integer 
	Parameter C_HAS_CARRYCASCOUT bound to: 0 - type: integer 
	Parameter C_HAS_CARRYOUT bound to: 0 - type: integer 
	Parameter C_HAS_PCOUT bound to: 0 - type: integer 
	Parameter C_CONSTANT_1 bound to: 1 - type: integer 
	Parameter C_LATENCY bound to: -1 - type: integer 
	Parameter C_OPMODES bound to: 000100100000010100000000 - type: string 
	Parameter C_REG_CONFIG bound to: 00000000000011000011000001000100 - type: string 
	Parameter C_TEST_CORE bound to: 0 - type: integer 
INFO: [Synth 8-3491] module 'xbip_dsp48_macro_v3_0_16' declared at 'e:/XILINX/Projects/ML_linear_regression/linear_regression_new/linear_regression/linear_regression.srcs/sources_1/ip/dsp48_multiplier_2/hdl/xbip_dsp48_macro_v3_0_vh_rfs.vhd:5013' bound to instance 'U0' of component 'xbip_dsp48_macro_v3_0_16' [e:/XILINX/Projects/ML_linear_regression/linear_regression_new/linear_regression/linear_regression.srcs/sources_1/ip/dsp48_multiplier_2/synth/dsp48_multiplier_2.vhd:207]
INFO: [Synth 8-256] done synthesizing module 'dsp48_multiplier_2' (6#1) [e:/XILINX/Projects/ML_linear_regression/linear_regression_new/linear_regression/linear_regression.srcs/sources_1/ip/dsp48_multiplier_2/synth/dsp48_multiplier_2.vhd:68]
WARNING: [Synth 8-3331] design xbip_dsp48e1_wrapper_v3_0 has unconnected port CE
WARNING: [Synth 8-3331] design xbip_dsp48e1_wrapper_v3_0 has unconnected port SCLR
WARNING: [Synth 8-3331] design xbip_dsp48e1_wrapper_v3_0 has unconnected port CEAD
WARNING: [Synth 8-3331] design xbip_dsp48e1_wrapper_v3_0 has unconnected port CED
WARNING: [Synth 8-3331] design xbip_dsp48e1_wrapper_v3_0 has unconnected port SCLRD
WARNING: [Synth 8-3331] design xbip_pipe_v3_0_5_viv__parameterized0 has unconnected port CLK
WARNING: [Synth 8-3331] design xbip_pipe_v3_0_5_viv__parameterized0 has unconnected port CE
WARNING: [Synth 8-3331] design xbip_pipe_v3_0_5_viv__parameterized0 has unconnected port SCLR
WARNING: [Synth 8-3331] design xbip_pipe_v3_0_5_viv__parameterized0 has unconnected port SSET
WARNING: [Synth 8-3331] design xbip_pipe_v3_0_5_viv__parameterized0 has unconnected port SINIT
WARNING: [Synth 8-3331] design xbip_pipe_v3_0_5_viv has unconnected port CLK
WARNING: [Synth 8-3331] design xbip_pipe_v3_0_5_viv has unconnected port CE
WARNING: [Synth 8-3331] design xbip_pipe_v3_0_5_viv has unconnected port SCLR
WARNING: [Synth 8-3331] design xbip_pipe_v3_0_5_viv has unconnected port SSET
WARNING: [Synth 8-3331] design xbip_pipe_v3_0_5_viv has unconnected port SINIT
WARNING: [Synth 8-3331] design xbip_pipe_v3_0_5_viv__parameterized6 has unconnected port CE
WARNING: [Synth 8-3331] design xbip_pipe_v3_0_5_viv__parameterized6 has unconnected port SCLR
WARNING: [Synth 8-3331] design xbip_pipe_v3_0_5_viv__parameterized6 has unconnected port SSET
WARNING: [Synth 8-3331] design xbip_pipe_v3_0_5_viv__parameterized6 has unconnected port SINIT
WARNING: [Synth 8-3331] design xbip_pipe_v3_0_5_viv__parameterized5 has unconnected port CLK
WARNING: [Synth 8-3331] design xbip_pipe_v3_0_5_viv__parameterized5 has unconnected port CE
WARNING: [Synth 8-3331] design xbip_pipe_v3_0_5_viv__parameterized5 has unconnected port SCLR
WARNING: [Synth 8-3331] design xbip_pipe_v3_0_5_viv__parameterized5 has unconnected port SSET
WARNING: [Synth 8-3331] design xbip_pipe_v3_0_5_viv__parameterized5 has unconnected port SINIT
WARNING: [Synth 8-3331] design xbip_pipe_v3_0_5_viv__parameterized4 has unconnected port CE
WARNING: [Synth 8-3331] design xbip_pipe_v3_0_5_viv__parameterized4 has unconnected port SCLR
WARNING: [Synth 8-3331] design xbip_pipe_v3_0_5_viv__parameterized4 has unconnected port SSET
WARNING: [Synth 8-3331] design xbip_pipe_v3_0_5_viv__parameterized4 has unconnected port SINIT
WARNING: [Synth 8-3331] design xbip_pipe_v3_0_5_viv__parameterized3 has unconnected port CLK
WARNING: [Synth 8-3331] design xbip_pipe_v3_0_5_viv__parameterized3 has unconnected port CE
WARNING: [Synth 8-3331] design xbip_pipe_v3_0_5_viv__parameterized3 has unconnected port SCLR
WARNING: [Synth 8-3331] design xbip_pipe_v3_0_5_viv__parameterized3 has unconnected port SSET
WARNING: [Synth 8-3331] design xbip_pipe_v3_0_5_viv__parameterized3 has unconnected port SINIT
WARNING: [Synth 8-3331] design xbip_pipe_v3_0_5_viv__parameterized2 has unconnected port CE
WARNING: [Synth 8-3331] design xbip_pipe_v3_0_5_viv__parameterized2 has unconnected port SCLR
WARNING: [Synth 8-3331] design xbip_pipe_v3_0_5_viv__parameterized2 has unconnected port SSET
WARNING: [Synth 8-3331] design xbip_pipe_v3_0_5_viv__parameterized2 has unconnected port SINIT
WARNING: [Synth 8-3331] design xbip_pipe_v3_0_5_viv__parameterized1 has unconnected port CLK
WARNING: [Synth 8-3331] design xbip_pipe_v3_0_5_viv__parameterized1 has unconnected port CE
WARNING: [Synth 8-3331] design xbip_pipe_v3_0_5_viv__parameterized1 has unconnected port SCLR
WARNING: [Synth 8-3331] design xbip_pipe_v3_0_5_viv__parameterized1 has unconnected port SSET
WARNING: [Synth 8-3331] design xbip_pipe_v3_0_5_viv__parameterized1 has unconnected port SINIT
WARNING: [Synth 8-3331] design xbip_dsp48_macro_synth has unconnected port CE
WARNING: [Synth 8-3331] design xbip_dsp48_macro_synth has unconnected port SCLR
WARNING: [Synth 8-3331] design xbip_dsp48_macro_synth has unconnected port SEL[0]
WARNING: [Synth 8-3331] design xbip_dsp48_macro_synth has unconnected port C[47]
WARNING: [Synth 8-3331] design xbip_dsp48_macro_synth has unconnected port C[46]
WARNING: [Synth 8-3331] design xbip_dsp48_macro_synth has unconnected port C[45]
WARNING: [Synth 8-3331] design xbip_dsp48_macro_synth has unconnected port C[44]
WARNING: [Synth 8-3331] design xbip_dsp48_macro_synth has unconnected port C[43]
WARNING: [Synth 8-3331] design xbip_dsp48_macro_synth has unconnected port C[42]
WARNING: [Synth 8-3331] design xbip_dsp48_macro_synth has unconnected port C[41]
WARNING: [Synth 8-3331] design xbip_dsp48_macro_synth has unconnected port C[40]
WARNING: [Synth 8-3331] design xbip_dsp48_macro_synth has unconnected port C[39]
WARNING: [Synth 8-3331] design xbip_dsp48_macro_synth has unconnected port C[38]
WARNING: [Synth 8-3331] design xbip_dsp48_macro_synth has unconnected port C[37]
WARNING: [Synth 8-3331] design xbip_dsp48_macro_synth has unconnected port C[36]
WARNING: [Synth 8-3331] design xbip_dsp48_macro_synth has unconnected port C[35]
WARNING: [Synth 8-3331] design xbip_dsp48_macro_synth has unconnected port C[34]
WARNING: [Synth 8-3331] design xbip_dsp48_macro_synth has unconnected port C[33]
WARNING: [Synth 8-3331] design xbip_dsp48_macro_synth has unconnected port C[32]
WARNING: [Synth 8-3331] design xbip_dsp48_macro_synth has unconnected port C[31]
WARNING: [Synth 8-3331] design xbip_dsp48_macro_synth has unconnected port C[30]
WARNING: [Synth 8-3331] design xbip_dsp48_macro_synth has unconnected port C[29]
WARNING: [Synth 8-3331] design xbip_dsp48_macro_synth has unconnected port C[28]
WARNING: [Synth 8-3331] design xbip_dsp48_macro_synth has unconnected port C[27]
WARNING: [Synth 8-3331] design xbip_dsp48_macro_synth has unconnected port C[26]
WARNING: [Synth 8-3331] design xbip_dsp48_macro_synth has unconnected port C[25]
WARNING: [Synth 8-3331] design xbip_dsp48_macro_synth has unconnected port C[24]
WARNING: [Synth 8-3331] design xbip_dsp48_macro_synth has unconnected port C[23]
WARNING: [Synth 8-3331] design xbip_dsp48_macro_synth has unconnected port C[22]
WARNING: [Synth 8-3331] design xbip_dsp48_macro_synth has unconnected port C[21]
WARNING: [Synth 8-3331] design xbip_dsp48_macro_synth has unconnected port C[20]
WARNING: [Synth 8-3331] design xbip_dsp48_macro_synth has unconnected port C[19]
WARNING: [Synth 8-3331] design xbip_dsp48_macro_synth has unconnected port C[18]
WARNING: [Synth 8-3331] design xbip_dsp48_macro_synth has unconnected port C[17]
WARNING: [Synth 8-3331] design xbip_dsp48_macro_synth has unconnected port C[16]
WARNING: [Synth 8-3331] design xbip_dsp48_macro_synth has unconnected port C[15]
WARNING: [Synth 8-3331] design xbip_dsp48_macro_synth has unconnected port C[14]
WARNING: [Synth 8-3331] design xbip_dsp48_macro_synth has unconnected port C[13]
WARNING: [Synth 8-3331] design xbip_dsp48_macro_synth has unconnected port C[12]
WARNING: [Synth 8-3331] design xbip_dsp48_macro_synth has unconnected port C[11]
WARNING: [Synth 8-3331] design xbip_dsp48_macro_synth has unconnected port C[10]
WARNING: [Synth 8-3331] design xbip_dsp48_macro_synth has unconnected port C[9]
WARNING: [Synth 8-3331] design xbip_dsp48_macro_synth has unconnected port C[8]
WARNING: [Synth 8-3331] design xbip_dsp48_macro_synth has unconnected port C[7]
WARNING: [Synth 8-3331] design xbip_dsp48_macro_synth has unconnected port C[6]
WARNING: [Synth 8-3331] design xbip_dsp48_macro_synth has unconnected port C[5]
WARNING: [Synth 8-3331] design xbip_dsp48_macro_synth has unconnected port C[4]
WARNING: [Synth 8-3331] design xbip_dsp48_macro_synth has unconnected port C[3]
WARNING: [Synth 8-3331] design xbip_dsp48_macro_synth has unconnected port C[2]
WARNING: [Synth 8-3331] design xbip_dsp48_macro_synth has unconnected port C[1]
WARNING: [Synth 8-3331] design xbip_dsp48_macro_synth has unconnected port C[0]
WARNING: [Synth 8-3331] design xbip_dsp48_macro_synth has unconnected port D[17]
WARNING: [Synth 8-3331] design xbip_dsp48_macro_synth has unconnected port D[16]
WARNING: [Synth 8-3331] design xbip_dsp48_macro_synth has unconnected port D[15]
WARNING: [Synth 8-3331] design xbip_dsp48_macro_synth has unconnected port D[14]
WARNING: [Synth 8-3331] design xbip_dsp48_macro_synth has unconnected port D[13]
WARNING: [Synth 8-3331] design xbip_dsp48_macro_synth has unconnected port D[12]
WARNING: [Synth 8-3331] design xbip_dsp48_macro_synth has unconnected port D[11]
INFO: [Common 17-14] Message 'Synth 8-3331' appears 100 times and further instances of the messages will be disabled. Use the Tcl command set_msg_config to change the current settings.
---------------------------------------------------------------------------------
Finished RTL Elaboration : Time (s): cpu = 00:00:05 ; elapsed = 00:00:06 . Memory (MB): peak = 540.945 ; gain = 171.285
---------------------------------------------------------------------------------

Report Check Netlist: 
+------+------------------+-------+---------+-------+------------------+
|      |Item              |Errors |Warnings |Status |Description       |
+------+------------------+-------+---------+-------+------------------+
|1     |multi_driven_nets |      0|        0|Passed |Multi driven nets |
+------+------------------+-------+---------+-------+------------------+
---------------------------------------------------------------------------------
Start Handling Custom Attributes
---------------------------------------------------------------------------------
---------------------------------------------------------------------------------
Finished Handling Custom Attributes : Time (s): cpu = 00:00:05 ; elapsed = 00:00:06 . Memory (MB): peak = 540.945 ; gain = 171.285
---------------------------------------------------------------------------------
---------------------------------------------------------------------------------
Finished RTL Optimization Phase 1 : Time (s): cpu = 00:00:05 ; elapsed = 00:00:06 . Memory (MB): peak = 540.945 ; gain = 171.285
---------------------------------------------------------------------------------
INFO: [Netlist 29-17] Analyzing 1 Unisim elements for replacement
INFO: [Netlist 29-28] Unisim Transformation completed in 0 CPU seconds
INFO: [Device 21-403] Loading part xc7vx415tffg1157-1
INFO: [Project 1-570] Preparing netlist for logic optimization

Processing XDC Constraints
Initializing timing engine
Parsing XDC File [e:/XILINX/Projects/ML_linear_regression/linear_regression_new/linear_regression/linear_regression.srcs/sources_1/ip/dsp48_multiplier_2/dsp48_multiplier_2_ooc.xdc] for cell 'U0'
Finished Parsing XDC File [e:/XILINX/Projects/ML_linear_regression/linear_regression_new/linear_regression/linear_regression.srcs/sources_1/ip/dsp48_multiplier_2/dsp48_multiplier_2_ooc.xdc] for cell 'U0'
Parsing XDC File [E:/XILINX/Projects/ML_linear_regression/linear_regression_new/linear_regression/linear_regression.runs/dsp48_multiplier_2_synth_1/dont_touch.xdc]
Finished Parsing XDC File [E:/XILINX/Projects/ML_linear_regression/linear_regression_new/linear_regression/linear_regression.runs/dsp48_multiplier_2_synth_1/dont_touch.xdc]
Completed Processing XDC Constraints

Netlist sorting complete. Time (s): cpu = 00:00:00 ; elapsed = 00:00:00 . Memory (MB): peak = 930.176 ; gain = 0.000
INFO: [Project 1-111] Unisim Transformation Summary:
No Unisim elements were transformed.

Netlist sorting complete. Time (s): cpu = 00:00:00 ; elapsed = 00:00:00 . Memory (MB): peak = 930.176 ; gain = 0.000
Constraint Validation Runtime : Time (s): cpu = 00:00:00 ; elapsed = 00:00:00.012 . Memory (MB): peak = 931.660 ; gain = 1.484
---------------------------------------------------------------------------------
Finished Constraint Validation : Time (s): cpu = 00:00:16 ; elapsed = 00:00:17 . Memory (MB): peak = 931.660 ; gain = 562.000
---------------------------------------------------------------------------------
---------------------------------------------------------------------------------
Start Loading Part and Timing Information
---------------------------------------------------------------------------------
Loading part: xc7vx415tffg1157-1
---------------------------------------------------------------------------------
Finished Loading Part and Timing Information : Time (s): cpu = 00:00:16 ; elapsed = 00:00:17 . Memory (MB): peak = 931.660 ; gain = 562.000
---------------------------------------------------------------------------------
---------------------------------------------------------------------------------
Start Applying 'set_property' XDC Constraints
---------------------------------------------------------------------------------
Applied set_property DONT_TOUCH = true for U0. (constraint file  E:/XILINX/Projects/ML_linear_regression/linear_regression_new/linear_regression/linear_regression.runs/dsp48_multiplier_2_synth_1/dont_touch.xdc, line 9).
---------------------------------------------------------------------------------
Finished applying 'set_property' XDC Constraints : Time (s): cpu = 00:00:16 ; elapsed = 00:00:17 . Memory (MB): peak = 931.660 ; gain = 562.000
---------------------------------------------------------------------------------
---------------------------------------------------------------------------------
Finished RTL Optimization Phase 2 : Time (s): cpu = 00:00:16 ; elapsed = 00:00:17 . Memory (MB): peak = 931.660 ; gain = 562.000
---------------------------------------------------------------------------------

Report RTL Partitions: 
+-+--------------+------------+----------+
| |RTL Partition |Replication |Instances |
+-+--------------+------------+----------+
+-+--------------+------------+----------+
---------------------------------------------------------------------------------
Start RTL Component Statistics 
---------------------------------------------------------------------------------
---------------------------------------------------------------------------------
Finished RTL Component Statistics 
---------------------------------------------------------------------------------
---------------------------------------------------------------------------------
Start RTL Hierarchical Component Statistics 
---------------------------------------------------------------------------------
---------------------------------------------------------------------------------
Finished RTL Hierarchical Component Statistics
---------------------------------------------------------------------------------
---------------------------------------------------------------------------------
Start Part Resource Summary
---------------------------------------------------------------------------------
Part Resources:
DSPs: 2160 (col length:120)
BRAMs: 1760 (col length: RAMB18 120 RAMB36 60)
---------------------------------------------------------------------------------
Finished Part Resource Summary
---------------------------------------------------------------------------------
---------------------------------------------------------------------------------
Start Cross Boundary and Area Optimization
---------------------------------------------------------------------------------
Warning: Parallel synthesis criteria is not met 
---------------------------------------------------------------------------------
Finished Cross Boundary and Area Optimization : Time (s): cpu = 00:00:16 ; elapsed = 00:00:18 . Memory (MB): peak = 931.660 ; gain = 562.000
---------------------------------------------------------------------------------

Report RTL Partitions: 
+-+--------------+------------+----------+
| |RTL Partition |Replication |Instances |
+-+--------------+------------+----------+
+-+--------------+------------+----------+
---------------------------------------------------------------------------------
Start Applying XDC Timing Constraints
---------------------------------------------------------------------------------
---------------------------------------------------------------------------------
Finished Applying XDC Timing Constraints : Time (s): cpu = 00:00:27 ; elapsed = 00:00:28 . Memory (MB): peak = 1035.504 ; gain = 665.844
---------------------------------------------------------------------------------
---------------------------------------------------------------------------------
Start Timing Optimization
---------------------------------------------------------------------------------
---------------------------------------------------------------------------------
Finished Timing Optimization : Time (s): cpu = 00:00:27 ; elapsed = 00:00:28 . Memory (MB): peak = 1035.801 ; gain = 666.141
---------------------------------------------------------------------------------

Report RTL Partitions: 
+-+--------------+------------+----------+
| |RTL Partition |Replication |Instances |
+-+--------------+------------+----------+
+-+--------------+------------+----------+
---------------------------------------------------------------------------------
Start Technology Mapping
---------------------------------------------------------------------------------
---------------------------------------------------------------------------------
Finished Technology Mapping : Time (s): cpu = 00:00:27 ; elapsed = 00:00:28 . Memory (MB): peak = 1045.477 ; gain = 675.816
---------------------------------------------------------------------------------

Report RTL Partitions: 
+-+--------------+------------+----------+
| |RTL Partition |Replication |Instances |
+-+--------------+------------+----------+
+-+--------------+------------+----------+
---------------------------------------------------------------------------------
Start IO Insertion
---------------------------------------------------------------------------------
---------------------------------------------------------------------------------
Start Flattening Before IO Insertion
---------------------------------------------------------------------------------
---------------------------------------------------------------------------------
Finished Flattening Before IO Insertion
---------------------------------------------------------------------------------
---------------------------------------------------------------------------------
Start Final Netlist Cleanup
---------------------------------------------------------------------------------
---------------------------------------------------------------------------------
Finished Final Netlist Cleanup
---------------------------------------------------------------------------------
---------------------------------------------------------------------------------
Finished IO Insertion : Time (s): cpu = 00:00:27 ; elapsed = 00:00:29 . Memory (MB): peak = 1045.477 ; gain = 675.816
---------------------------------------------------------------------------------

Report Check Netlist: 
+------+------------------+-------+---------+-------+------------------+
|      |Item              |Errors |Warnings |Status |Description       |
+------+------------------+-------+---------+-------+------------------+
|1     |multi_driven_nets |      0|        0|Passed |Multi driven nets |
+------+------------------+-------+---------+-------+------------------+
---------------------------------------------------------------------------------
Start Renaming Generated Instances
---------------------------------------------------------------------------------
---------------------------------------------------------------------------------
Finished Renaming Generated Instances : Time (s): cpu = 00:00:27 ; elapsed = 00:00:29 . Memory (MB): peak = 1045.477 ; gain = 675.816
---------------------------------------------------------------------------------

Report RTL Partitions: 
+-+--------------+------------+----------+
| |RTL Partition |Replication |Instances |
+-+--------------+------------+----------+
+-+--------------+------------+----------+
---------------------------------------------------------------------------------
Start Rebuilding User Hierarchy
---------------------------------------------------------------------------------
---------------------------------------------------------------------------------
Finished Rebuilding User Hierarchy : Time (s): cpu = 00:00:27 ; elapsed = 00:00:29 . Memory (MB): peak = 1045.477 ; gain = 675.816
---------------------------------------------------------------------------------
---------------------------------------------------------------------------------
Start Renaming Generated Ports
---------------------------------------------------------------------------------
---------------------------------------------------------------------------------
Finished Renaming Generated Ports : Time (s): cpu = 00:00:27 ; elapsed = 00:00:29 . Memory (MB): peak = 1045.477 ; gain = 675.816
---------------------------------------------------------------------------------
---------------------------------------------------------------------------------
Start Handling Custom Attributes
---------------------------------------------------------------------------------
---------------------------------------------------------------------------------
Finished Handling Custom Attributes : Time (s): cpu = 00:00:27 ; elapsed = 00:00:29 . Memory (MB): peak = 1045.477 ; gain = 675.816
---------------------------------------------------------------------------------
---------------------------------------------------------------------------------
Start Renaming Generated Nets
---------------------------------------------------------------------------------
---------------------------------------------------------------------------------
Finished Renaming Generated Nets : Time (s): cpu = 00:00:27 ; elapsed = 00:00:29 . Memory (MB): peak = 1045.477 ; gain = 675.816
---------------------------------------------------------------------------------
---------------------------------------------------------------------------------
Start Writing Synthesis Report
---------------------------------------------------------------------------------

Report BlackBoxes: 
+-+--------------+----------+
| |BlackBox name |Instances |
+-+--------------+----------+
+-+--------------+----------+

Report Cell Usage: 
+------+--------+------+
|      |Cell    |Count |
+------+--------+------+
|1     |DSP48E1 |     1|
|2     |LUT2    |     1|
|3     |LUT3    |     1|
|4     |FDRE    |    98|
+------+--------+------+
---------------------------------------------------------------------------------
Finished Writing Synthesis Report : Time (s): cpu = 00:00:27 ; elapsed = 00:00:29 . Memory (MB): peak = 1045.477 ; gain = 675.816
---------------------------------------------------------------------------------
Synthesis finished with 0 errors, 0 critical warnings and 157 warnings.
Synthesis Optimization Runtime : Time (s): cpu = 00:00:14 ; elapsed = 00:00:20 . Memory (MB): peak = 1045.477 ; gain = 285.102
Synthesis Optimization Complete : Time (s): cpu = 00:00:28 ; elapsed = 00:00:29 . Memory (MB): peak = 1045.477 ; gain = 675.816
INFO: [Project 1-571] Translating synthesized netlist
INFO: [Netlist 29-17] Analyzing 1 Unisim elements for replacement
INFO: [Netlist 29-28] Unisim Transformation completed in 0 CPU seconds
INFO: [Project 1-570] Preparing netlist for logic optimization
INFO: [Opt 31-138] Pushed 0 inverter(s) to 0 load pin(s).
Netlist sorting complete. Time (s): cpu = 00:00:00 ; elapsed = 00:00:00 . Memory (MB): peak = 1045.477 ; gain = 0.000
INFO: [Project 1-111] Unisim Transformation Summary:
No Unisim elements were transformed.

INFO: [Common 17-83] Releasing license: Synthesis
22 Infos, 101 Warnings, 0 Critical Warnings and 0 Errors encountered.
synth_design completed successfully
synth_design: Time (s): cpu = 00:00:31 ; elapsed = 00:00:32 . Memory (MB): peak = 1045.477 ; gain = 687.285
Netlist sorting complete. Time (s): cpu = 00:00:00 ; elapsed = 00:00:00 . Memory (MB): peak = 1045.477 ; gain = 0.000
WARNING: [Constraints 18-5210] No constraints selected for write.
Resolution: This message can indicate that there are no constraints for the design, or it can indicate that the used_in flags are set such that the constraints are ignored. This later case is used when running synth_design to not write synthesis constraints to the resulting checkpoint. Instead, project constraints are read when the synthesized design is opened.
INFO: [Common 17-1381] The checkpoint 'E:/XILINX/Projects/ML_linear_regression/linear_regression_new/linear_regression/linear_regression.runs/dsp48_multiplier_2_synth_1/dsp48_multiplier_2.dcp' has been generated.
INFO: [Coretcl 2-1648] Added synthesis output to IP cache for IP dsp48_multiplier_2, cache-ID = 8f3d7da8c3cd0a27
INFO: [Coretcl 2-1174] Renamed 9 cell refs.
Netlist sorting complete. Time (s): cpu = 00:00:00 ; elapsed = 00:00:00.001 . Memory (MB): peak = 1045.477 ; gain = 0.000
WARNING: [Constraints 18-5210] No constraints selected for write.
Resolution: This message can indicate that there are no constraints for the design, or it can indicate that the used_in flags are set such that the constraints are ignored. This later case is used when running synth_design to not write synthesis constraints to the resulting checkpoint. Instead, project constraints are read when the synthesized design is opened.
INFO: [Common 17-1381] The checkpoint 'E:/XILINX/Projects/ML_linear_regression/linear_regression_new/linear_regression/linear_regression.runs/dsp48_multiplier_2_synth_1/dsp48_multiplier_2.dcp' has been generated.
INFO: [runtcl-4] Executing : report_utilization -file dsp48_multiplier_2_utilization_synth.rpt -pb dsp48_multiplier_2_utilization_synth.pb
INFO: [Common 17-206] Exiting Vivado at Tue Nov  9 20:05:43 2021...
